android/app/build/intermediates/manifest_merge_blame_file/debug/manifest-merger-blame-debug-report.txt
1<?xml version="1.0" encoding="utf-8"?>
2<manifest xmlns:android="http://schemas.android.com/apk/res/android"
3    package="com.photodocpicker"
4    android:versionCode="1"
5    android:versionName="1.0" >
6
7    <uses-sdk
8        android:minSdkVersion="21"
9        android:targetSdkVersion="31" />
10
11    <uses-permission android:name="android.permission.SYSTEM_ALERT_WINDOW" />
11-->src\debug\AndroidManifest.xml:5:5-77
11-->src\debug\AndroidManifest.xml:5:22-75
12    <uses-permission android:name="android.permission.INTERNET" />
12-->src\main\AndroidManifest.xml:4:5-67
12-->src\main\AndroidManifest.xml:4:22-64
13    <uses-permission android:name="android.permission.CAMERA" />
13-->src\main\AndroidManifest.xml:5:5-64
13-->src\main\AndroidManifest.xml:5:22-62
14    <uses-permission android:name="android.permission.WRITE_EXTERNAL_STORAGE" />
14-->src\main\AndroidManifest.xml:6:5-81
14-->src\main\AndroidManifest.xml:6:22-78
15    <uses-permission android:name="android.permission.READ_EXTERNAL_STORAGE" />
15-->src\main\AndroidManifest.xml:7:5-80
15-->src\main\AndroidManifest.xml:7:22-77
16    <uses-permission android:name="android.permission.ACCESS_WIFI_STATE" />
16-->[com.facebook.flipper:flipper:0.125.0] AndroidManifest.xml:16:5-76
16-->[com.facebook.flipper:flipper:0.125.0] AndroidManifest.xml:16:22-73
17
18    <queries>
18-->[:react-native-image-crop-picker] AndroidManifest.xml:9:5-13:15
19        <intent>
19-->[:react-native-image-crop-picker] AndroidManifest.xml:10:9-12:18
20            <action android:name="android.media.action.IMAGE_CAPTURE" />
20-->[:react-native-image-crop-picker] AndroidManifest.xml:11:13-73
20-->[:react-native-image-crop-picker] AndroidManifest.xml:11:21-70
21        </intent>
22    </queries>
23
24    <application
24-->src\main\AndroidManifest.xml:8:5-27:19
25        android:name="com.photodocpicker.MainApplication"
25-->src\main\AndroidManifest.xml:9:7-38
26        android:allowBackup="false"
26-->src\main\AndroidManifest.xml:13:7-34
27        android:appComponentFactory="androidx.core.app.CoreComponentFactory"
27-->[androidx.core:core:1.5.0] AndroidManifest.xml:24:18-86
28        android:debuggable="true"
29        android:icon="@mipmap/ic_launcher"
29-->src\main\AndroidManifest.xml:11:7-41
30        android:label="@string/app_name"
30-->src\main\AndroidManifest.xml:10:7-39
31        android:roundIcon="@mipmap/ic_launcher_round"
31-->src\main\AndroidManifest.xml:12:7-52
32        android:testOnly="true"
33        android:theme="@style/AppTheme"
33-->src\main\AndroidManifest.xml:14:7-38
34        android:usesCleartextTraffic="true" >
34-->src\debug\AndroidManifest.xml:8:9-44
35        <activity
35-->src\debug\AndroidManifest.xml:11:9-111
36            android:name="com.facebook.react.devsupport.DevSettingsActivity"
36-->src\debug\AndroidManifest.xml:11:19-83
37            android:exported="false" />
37-->src\debug\AndroidManifest.xml:11:84-108
38        <activity
38-->src\main\AndroidManifest.xml:15:7-26:18
39            android:name="com.photodocpicker.MainActivity"
39-->src\main\AndroidManifest.xml:16:9-37
40            android:configChanges="keyboard|keyboardHidden|orientation|screenLayout|screenSize|smallestScreenSize|uiMode"
40-->src\main\AndroidManifest.xml:18:9-118
41            android:exported="true"
41-->src\main\AndroidManifest.xml:21:9-32
42            android:label="@string/app_name"
42-->src\main\AndroidManifest.xml:17:9-41
43            android:launchMode="singleTask"
43-->src\main\AndroidManifest.xml:19:9-40
44            android:windowSoftInputMode="adjustResize" >
44-->src\main\AndroidManifest.xml:20:9-51
45            <intent-filter>
45-->src\main\AndroidManifest.xml:22:9-25:25
46                <action android:name="android.intent.action.MAIN" />
46-->src\main\AndroidManifest.xml:23:13-65
46-->src\main\AndroidManifest.xml:23:21-62
47
48                <category android:name="android.intent.category.LAUNCHER" />
48-->src\main\AndroidManifest.xml:24:13-73
48-->src\main\AndroidManifest.xml:24:23-70
49            </intent-filter>
50        </activity>
51
52        <provider
52-->[:react-native-image-crop-picker] AndroidManifest.xml:18:9-26:20
53            android:name="com.reactnative.ivpusic.imagepicker.IvpusicImagePickerFileProvider"
53-->[:react-native-image-crop-picker] AndroidManifest.xml:19:13-94
54            android:authorities="com.photodocpicker.provider"
54-->[:react-native-image-crop-picker] AndroidManifest.xml:20:13-60
55            android:exported="false"
55-->[:react-native-image-crop-picker] AndroidManifest.xml:21:13-37
56            android:grantUriPermissions="true" >
56-->[:react-native-image-crop-picker] AndroidManifest.xml:22:13-47
57            <meta-data
57-->[:react-native-image-crop-picker] AndroidManifest.xml:23:13-25:78
58                android:name="android.support.FILE_PROVIDER_PATHS"
58-->[:react-native-image-crop-picker] AndroidManifest.xml:24:17-67
59                android:resource="@xml/ivpusic_imagepicker_provider_paths" />
59-->[:react-native-image-crop-picker] AndroidManifest.xml:25:17-75
60        </provider>
61
62        <activity
62-->[:react-native-image-crop-picker] AndroidManifest.xml:28:9-30:72
63            android:name="com.yalantis.ucrop.UCropActivity"
63-->[:react-native-image-crop-picker] AndroidManifest.xml:29:13-60
64            android:theme="@style/Theme.AppCompat.Light.NoActionBar" />
64-->[:react-native-image-crop-picker] AndroidManifest.xml:30:13-69
65
66        <provider
66-->[:react-native-webview] AndroidManifest.xml:10:9-18:20
67            android:name="com.reactnativecommunity.webview.RNCWebViewFileProvider"
67-->[:react-native-webview] AndroidManifest.xml:11:13-83
68            android:authorities="com.photodocpicker.fileprovider"
68-->[:react-native-webview] AndroidManifest.xml:12:13-64
69            android:exported="false"
69-->[:react-native-webview] AndroidManifest.xml:13:13-37
70            android:grantUriPermissions="true" >
70-->[:react-native-webview] AndroidManifest.xml:14:13-47
71            <meta-data
71-->[:react-native-image-crop-picker] AndroidManifest.xml:23:13-25:78
72                android:name="android.support.FILE_PROVIDER_PATHS"
72-->[:react-native-image-crop-picker] AndroidManifest.xml:24:17-67
73                android:resource="@xml/file_provider_paths" />
73-->[:react-native-image-crop-picker] AndroidManifest.xml:25:17-75
74        </provider>
75    </application>
76
77</manifest>